<?xml version="1.0" encoding="UTF-8"?>
<testng-results ignored="0" total="1" passed="1" failed="0" skipped="0">
  <reporter-output>
  </reporter-output>
  <suite started-at="2024-05-05T21:27:40 IST" name="Default suite" finished-at="2024-05-05T21:28:12 IST" duration-ms="31948">
    <groups>
    </groups>
    <test started-at="2024-05-05T21:27:40 IST" name="Default test" finished-at="2024-05-05T21:28:12 IST" duration-ms="31948">
      <class name="com.project.ErrorTest">
        <test-method is-config="true" signature="setup()[pri:0, instance:com.project.ErrorTest@6392827e]" started-at="2024-05-05T21:27:40 IST" name="setup" finished-at="2024-05-05T21:27:48 IST" duration-ms="7552" status="PASS">
          <reporter-output>
          </reporter-output>
        </test-method> <!-- setup -->
        <test-method signature="payload_field()[pri:0, instance:com.project.ErrorTest@6392827e]" started-at="2024-05-05T21:27:48 IST" name="payload_field" finished-at="2024-05-05T21:28:12 IST" duration-ms="23758" status="PASS">
          <reporter-output>
          </reporter-output>
        </test-method> <!-- payload_field -->
        <test-method is-config="true" signature="cleanUp()[pri:0, instance:com.project.ErrorTest@6392827e]" started-at="2024-05-05T21:28:12 IST" name="cleanUp" finished-at="2024-05-05T21:28:12 IST" duration-ms="587" status="PASS">
          <reporter-output>
          </reporter-output>
        </test-method> <!-- cleanUp -->
      </class> <!-- com.project.ErrorTest -->
    </test> <!-- Default test -->
  </suite> <!-- Default suite -->
</testng-results>
